<?xml version="1.0" encoding="UTF-8"?>
<!-- Generated by org.testng.reporters.JUnitXMLReporter -->
<testsuite hostname="Yemis-MacBook-Air.local" ignored="0" name="Test" tests="1" failures="1" timestamp="26 May 2019 09:46:02 GMT" time="4.408" errors="0">
  <testcase name="feature" time="3.974" classname="cucumber.api.testng.AbstractTestNGCucumberTests">
    <failure type="cucumber.runtime.CucumberException" message="java.lang.NullPointerException">
      <![CDATA[cucumber.runtime.CucumberException: java.lang.NullPointerException
at cucumber.api.testng.TestNGCucumberRunner.runCucumber(TestNGCucumberRunner.java:69)
at cucumber.api.testng.AbstractTestNGCucumberTests.feature(AbstractTestNGCucumberTests.java:21)
Caused by: java.lang.NullPointerException
at com.NewtoursApplication.LoginTestSteps.the_user_is_on_newtours_application_website(LoginTestSteps.java:41)
at ✽.Given the user is on newtours application website(Feature/Login_Test.feature:4)
... Removed 25 stack frames]]>
    </failure>
  </testcase> <!-- feature -->
</testsuite> <!-- Test -->
